<?xml version="1.0" encoding="UTF-8"?>
<!-- Generated by org.testng.reporters.JUnitXMLReporter -->
<testsuite ignored="0" hostname="DESKTOP-J5OLTFL" failures="0" tests="2" name="Default test" time="80.529" errors="0" timestamp="2024-06-27T11:07:08 IST">
  <testcase classname="Organization.CreateOrganizationTest" name="createOrganizationTest" time="46.792">
    <skipped/>
  </testcase> <!-- createOrganizationTest -->
  <testcase classname="Organization.CreateOrganizationTest" name="createOrganizationTest" time="33.598"/>
</testsuite> <!-- Default test -->
